<?xml version="1.0" encoding="UTF-8"?>
<!-- Generated by org.testng.reporters.JUnitReportReporter -->
<testsuite hostname="lin80026192" failures="0" tests="4" name="allianz.example_3_Post" time="5.743" errors="0" timestamp="2022-09-27T13:20:58 IST" skipped="0">
  <testcase classname="allianz.example_3_Post" name="post" time="0.632"/>
  <system-out/>
  <testcase classname="allianz.example_3_Post" name="post" time="0.769"/>
  <system-out/>
  <testcase classname="allianz.example_3_Post" name="post" time="3.292"/>
  <system-out/>
  <testcase classname="allianz.example_3_Post" name="post" time="1.050"/>
  <system-out/>
</testsuite> <!-- allianz.example_3_Post -->
