<?xml version="1.0" encoding="UTF-8"?>
<!-- Generated by org.testng.reporters.JUnitReportReporter -->
<testsuite hostname="lin80026192" failures="0" tests="5" name="allianz.example_2" time="9.026" errors="0" timestamp="2022-09-26T16:57:23 IST" skipped="0">
  <testcase classname="allianz.example_2" name="statusCode" time="1.399"/>
  <system-out/>
  <testcase classname="allianz.example_2" name="fetchHeaders" time="2.996"/>
  <system-out/>
  <testcase classname="allianz.example_2" name="validatePrice" time="1.275"/>
  <system-out/>
  <testcase classname="allianz.example_2" name="parameter" time="1.962"/>
  <system-out/>
  <testcase classname="allianz.example_2" name="products" time="1.394"/>
  <system-out/>
</testsuite> <!-- allianz.example_2 -->
