<?xml version="1.0" encoding="UTF-8"?>
<!-- Generated by org.testng.reporters.JUnitReportReporter -->
<testsuite hostname="lin80026192" failures="0" tests="1" name="allianz1.example_3" time="0.649" errors="0" timestamp="2022-09-27T06:15:17 IST" skipped="0">
  <testcase classname="allianz1.example_3" name="display" time="0.649"/>
  <system-out/>
</testsuite> <!-- allianz1.example_3 -->
